<?xml version="1.0" encoding="UTF-8"?>
<testsuite name="com.sesac.SeSAC.repository.UserRepositoryTest" tests="1" skipped="0" failures="0" errors="0" timestamp="2023-06-04T07:12:26" hostname="ijaehyeogs-MacBook-Pro.local" time="0.355">
  <properties/>
  <testcase name="func1()" classname="com.sesac.SeSAC.repository.UserRepositoryTest" time="0.355"/>
  <system-out><![CDATA[16:12:24.294 [Test worker] INFO org.springframework.test.context.support.AnnotationConfigContextLoaderUtils -- Could not detect default configuration classes for test class [com.sesac.SeSAC.repository.UserRepositoryTest]: UserRepositoryTest does not declare any static, non-private, non-final, nested classes annotated with @Configuration.
16:12:24.344 [Test worker] INFO org.springframework.boot.test.context.SpringBootTestContextBootstrapper -- Found @SpringBootConfiguration com.sesac.SeSAC.SeSacApplication for test class com.sesac.SeSAC.repository.UserRepositoryTest

  .   ____          _            __ _ _
 /\\ / ___'_ __ _ _(_)_ __  __ _ \ \ \ \
( ( )\___ | '_ | '_| | '_ \/ _` | \ \ \ \
 \\/  ___)| |_)| | | | | || (_| |  ) ) ) )
  '  |____| .__|_| |_|_| |_\__, | / / / /
 =========|_|==============|___/=/_/_/_/
 :: Spring Boot ::                (v3.1.0)

2023-06-04T16:12:24.510+09:00  INFO 2058 --- [    Test worker] c.s.SeSAC.repository.UserRepositoryTest  : Starting UserRepositoryTest using Java 17.0.5 with PID 2058 (started by leejaehyuk in /Users/leejaehyuk/Desktop/mc222)
2023-06-04T16:12:24.511+09:00  INFO 2058 --- [    Test worker] c.s.SeSAC.repository.UserRepositoryTest  : No active profile set, falling back to 1 default profile: "default"
2023-06-04T16:12:24.764+09:00  INFO 2058 --- [    Test worker] .s.d.r.c.RepositoryConfigurationDelegate : Bootstrapping Spring Data JPA repositories in DEFAULT mode.
2023-06-04T16:12:24.774+09:00  INFO 2058 --- [    Test worker] .s.d.r.c.RepositoryConfigurationDelegate : Finished Spring Data repository scanning in 6 ms. Found 0 JPA repository interfaces.
2023-06-04T16:12:24.963+09:00  INFO 2058 --- [    Test worker] o.hibernate.jpa.internal.util.LogHelper  : HHH000204: Processing PersistenceUnitInfo [name: default]
2023-06-04T16:12:24.997+09:00  INFO 2058 --- [    Test worker] org.hibernate.Version                    : HHH000412: Hibernate ORM core version 6.2.2.Final
2023-06-04T16:12:24.998+09:00  INFO 2058 --- [    Test worker] org.hibernate.cfg.Environment            : HHH000406: Using bytecode reflection optimizer
2023-06-04T16:12:25.057+09:00  INFO 2058 --- [    Test worker] o.h.b.i.BytecodeProviderInitiator        : HHH000021: Bytecode provider name : bytebuddy
2023-06-04T16:12:25.117+09:00  INFO 2058 --- [    Test worker] o.s.o.j.p.SpringPersistenceUnitInfo      : No LoadTimeWeaver setup: ignoring JPA class transformer
2023-06-04T16:12:25.128+09:00  INFO 2058 --- [    Test worker] com.zaxxer.hikari.HikariDataSource       : HikariPool-1 - Starting...
2023-06-04T16:12:25.361+09:00  INFO 2058 --- [    Test worker] com.zaxxer.hikari.pool.HikariPool        : HikariPool-1 - Added connection com.mysql.cj.jdbc.ConnectionImpl@6182ffef
2023-06-04T16:12:25.362+09:00  INFO 2058 --- [    Test worker] com.zaxxer.hikari.HikariDataSource       : HikariPool-1 - Start completed.
2023-06-04T16:12:25.409+09:00  INFO 2058 --- [    Test worker] org.hibernate.orm.dialect                : HHH035001: Using dialect: org.hibernate.dialect.MySQLDialect, version: 8.0.33
2023-06-04T16:12:25.515+09:00  INFO 2058 --- [    Test worker] o.h.b.i.BytecodeProviderInitiator        : HHH000021: Bytecode provider name : bytebuddy
2023-06-04T16:12:25.810+09:00  INFO 2058 --- [    Test worker] o.h.e.t.j.p.i.JtaPlatformInitiator       : HHH000490: Using JtaPlatform implementation: [org.hibernate.engine.transaction.jta.platform.internal.NoJtaPlatform]
Hibernate: 
    alter table danger_info 
       add column danger_id bigint not null
Hibernate: 
    alter table danger_info 
       add column latitude float(53)
Hibernate: 
    alter table danger_info 
       modify column longitude  float(53)
Hibernate: 
    alter table running_info 
       add column running_id bigint not null
Hibernate: 
    alter table running_info 
       add column running_date datetime(6)
Hibernate: 
    alter table user 
       add column user_id bigint not null
2023-06-04T16:12:25.910+09:00  INFO 2058 --- [    Test worker] j.LocalContainerEntityManagerFactoryBean : Initialized JPA EntityManagerFactory for persistence unit 'default'
2023-06-04T16:12:26.007+09:00  WARN 2058 --- [    Test worker] JpaBaseConfiguration$JpaWebConfiguration : spring.jpa.open-in-view is enabled by default. Therefore, database queries may be performed during view rendering. Explicitly configure spring.jpa.open-in-view to disable this warning
2023-06-04T16:12:26.197+09:00  INFO 2058 --- [    Test worker] c.s.SeSAC.repository.UserRepositoryTest  : Started UserRepositoryTest in 1.787 seconds (process running for 2.258)
Hibernate: 
    select
        next_val as id_val 
    from
        user_seq for update
Hibernate: 
    update
        user_seq 
    set
        next_val= ? 
    where
        next_val=?
]]></system-out>
  <system-err><![CDATA[]]></system-err>
</testsuite>
